2020-11-21 08:05:13 userlogin - input:  
2020-11-21 08:05:14 userlogin - input:  
2020-11-21 08:08:52 userlogin - input: administrator 848484
2020-11-21 08:10:16 userlogin - input: administrator 848484
2020-11-21 07:10:49 userlogin - input: administrator 848484
2020-11-21 07:12:22 userlogin - input: Samuel 848484
2020-11-21 07:15:37 userlogin - input: administrator 848484
2020-11-21 07:15:37 userlogin - narevId 
2020-11-21 07:15:37 userlogin - canAccess yes
2020-11-24 02:33:08 userlogin - input: administrator 848484
2020-11-24 02:33:08 userlogin - narevId 
2020-11-24 02:33:08 userlogin - canAccess yes
2020-11-24 18:18:47 userlogin - input: administrator 848484
2020-11-24 18:18:47 userlogin - narevId 
2020-11-24 18:18:47 userlogin - canAccess yes
2020-11-28 10:26:26 userlogin - input: administrator 848484
2020-11-28 10:26:26 userlogin - narevId 
2020-11-28 10:26:26 userlogin - canAccess yes
2020-11-28 10:35:32 userlogin - input: administrator 848484
2020-11-28 10:35:32 userlogin - narevId 
2020-11-28 10:35:32 userlogin - canAccess yes
2020-11-28 10:35:39 userlogin - input: administrator 848484
2020-11-28 10:35:39 userlogin - narevId 
2020-11-28 10:35:39 userlogin - canAccess yes
2020-11-28 10:36:07 userlogin - input: administrator 848484
2020-11-28 10:36:07 userlogin - narevId 
2020-11-28 10:36:07 userlogin - canAccess yes
2020-11-29 11:24:04 userlogin - input: administrator 848484
2020-11-29 11:24:05 userlogin - narevId 
2020-11-29 11:24:05 userlogin - canAccess yes
2020-11-29 11:57:24 userlogin - input: administrator 848484
2020-11-29 11:57:24 userlogin - narevId 
2020-11-29 11:57:24 userlogin - canAccess yes
2020-11-29 13:48:09 userlogin - input: administrator 848484
2020-11-29 13:48:09 userlogin - narevId 
2020-11-29 13:48:09 userlogin - canAccess yes
2020-11-30 05:40:18 userlogin - input: administrator 848484
2020-11-30 05:40:18 userlogin - narevId 
2020-11-30 05:40:18 userlogin - canAccess yes
2020-11-30 06:01:24 userlogin - input: administrator 848484
2020-11-30 06:01:24 userlogin - narevId 
2020-11-30 06:01:24 userlogin - canAccess yes
